<?xml version="1.0" encoding="UTF-8"?>
<testsuite xmlns:xsi="http://www.w3.org/2001/XMLSchema-instance" xsi:noNamespaceSchemaLocation="https://maven.apache.org/surefire/maven-surefire-plugin/xsd/surefire-test-report.xsd" name="parallel.RunOpenEMRTest" time="59.574" tests="2" errors="0" skipped="0" failures="1">
  <properties>
[...]
</properties>
  <testcase name="runScenario" classname="parallel.RunOpenEMRTest" time="24.079"/>
  <testcase name="runScenario" classname="parallel.RunOpenEMRTest" time="28.913">
    <failure message="element not interactable&#10;  (Session info: chrome=112.0.5615.122)&#10;Build info: version: &apos;4.8.3&apos;, revision: &apos;e5e76298c3&apos;&#10;System info: os.name: &apos;Windows 10&apos;, os.arch: &apos;amd64&apos;, os.version: &apos;10.0&apos;, java.version: &apos;17.0.6&apos;&#10;Driver info: org.openqa.selenium.chrome.ChromeDriver&#10;Command: [4146812162657c3e753a9edaecefb587, clickElement {id=187da4d5-8e84-4296-991b-d0b9966c7fbc}]&#10;Capabilities {acceptInsecureCerts: false, browserName: chrome, browserVersion: 112.0.5615.122, chrome: {chromedriverVersion: 112.0.5615.49 (bd2a7bcb881c..., userDataDir: C:\Users\ADMIN\AppData\Loca...}, goog:chromeOptions: {debuggerAddress: localhost:56558}, networkConnectionEnabled: false, pageLoadStrategy: normal, platformName: WINDOWS, proxy: Proxy(), se:cdp: ws://localhost:56558/devtoo..., se:cdpVersion: 112.0.5615.122, setWindowRect: true, strictFileInteractability: false, timeouts: {implicit: 0, pageLoad: 300000, script: 30000}, unhandledPromptBehavior: dismiss and notify, webauthn:extension:credBlob: true, webauthn:extension:largeBlob: true, webauthn:extension:minPinLength: true, webauthn:extension:prf: true, webauthn:virtualAuthenticators: true}&#10;Element: [[ChromeDriver: chrome on WINDOWS (4146812162657c3e753a9edaecefb587)] -&gt; xpath: //*[@id=&apos;submit&apos;]]&#10;Session ID: 4146812162657c3e753a9edaecefb587" type="org.openqa.selenium.ElementNotInteractableException">org.openqa.selenium.ElementNotInteractableException: 
element not interactable
  (Session info: chrome=112.0.5615.122)
Build info: version: '4.8.3', revision: 'e5e76298c3'
System info: os.name: 'Windows 10', os.arch: 'amd64', os.version: '10.0', java.version: '17.0.6'
Driver info: org.openqa.selenium.chrome.ChromeDriver
Command: [4146812162657c3e753a9edaecefb587, clickElement {id=187da4d5-8e84-4296-991b-d0b9966c7fbc}]
Capabilities {acceptInsecureCerts: false, browserName: chrome, browserVersion: 112.0.5615.122, chrome: {chromedriverVersion: 112.0.5615.49 (bd2a7bcb881c..., userDataDir: C:\Users\ADMIN\AppData\Loca...}, goog:chromeOptions: {debuggerAddress: localhost:56558}, networkConnectionEnabled: false, pageLoadStrategy: normal, platformName: WINDOWS, proxy: Proxy(), se:cdp: ws://localhost:56558/devtoo..., se:cdpVersion: 112.0.5615.122, setWindowRect: true, strictFileInteractability: false, timeouts: {implicit: 0, pageLoad: 300000, script: 30000}, unhandledPromptBehavior: dismiss and notify, webauthn:extension:credBlob: true, webauthn:extension:largeBlob: true, webauthn:extension:minPinLength: true, webauthn:extension:prf: true, webauthn:virtualAuthenticators: true}
Element: [[ChromeDriver: chrome on WINDOWS (4146812162657c3e753a9edaecefb587)] -> xpath: //*[@id='submit']]
Session ID: 4146812162657c3e753a9edaecefb587
</failure>
    <system-out><![CDATA[
Scenario: new register patient                                    &amp#27;[90m# src/test/resources/parallel/NewPatientRegistration.feature:2&amp#27;[0m
  &amp#27;[32mGiven &amp#27;[0m&amp#27;[32muser is already logged in with &amp#27;[0m&amp#27;[32m&amp#27;[1m"Admin"&amp#27;[0m&amp#27;[32m and &amp#27;[0m&amp#27;[32m&amp#27;[1m"Admin123"&amp#27;[0m     &amp#27;[90m# parallel.NewPatientRegisterSteps.user_is_already_logged_in_with_and(java.lang.String,java.lang.String)&amp#27;[0m
  &amp#27;[32mWhen &amp#27;[0m&amp#27;[32muser click on register patient option&amp#27;[0m                      &amp#27;[90m# parallel.NewPatientRegisterSteps.user_click_on_register_patient_option()&amp#27;[0m
  &amp#27;[32mAnd &amp#27;[0m&amp#27;[32muser enter firstname as &amp#27;[0m&amp#27;[32m&amp#27;[1m"jack"&amp#27;[0m                              &amp#27;[90m# parallel.NewPatientRegisterSteps.user_enter_firstname_as(java.lang.String)&amp#27;[0m
  &amp#27;[32mAnd &amp#27;[0m&amp#27;[32muser enter lastname as &amp#27;[0m&amp#27;[32m&amp#27;[1m"sparrow"&amp#27;[0m                            &amp#27;[90m# parallel.NewPatientRegisterSteps.user_enter_lastname_as(java.lang.String)&amp#27;[0m
  &amp#27;[32mAnd &amp#27;[0m&amp#27;[32muser click on gender&amp#27;[0m                                        &amp#27;[90m# parallel.NewPatientRegisterSteps.user_click_on_gender()&amp#27;[0m
  &amp#27;[32mAnd &amp#27;[0m&amp#27;[32muser select gender&amp#27;[0m                                          &amp#27;[90m# parallel.NewPatientRegisterSteps.user_select_gender()&amp#27;[0m
  &amp#27;[32mAnd &amp#27;[0m&amp#27;[32muser click on birthday&amp#27;[0m                                      &amp#27;[90m# parallel.NewPatientRegisterSteps.user_click_on_birthday()&amp#27;[0m
  &amp#27;[32mAnd &amp#27;[0m&amp#27;[32muser select birthdate as day &amp#27;[0m&amp#27;[32m&amp#27;[1m"02"&amp#27;[0m&amp#27;[32m, month &amp#27;[0m&amp#27;[32m&amp#27;[1m03&amp#27;[0m&amp#27;[32m and year &amp#27;[0m&amp#27;[32m&amp#27;[1m"1999"&amp#27;[0m &amp#27;[90m# parallel.NewPatientRegisterSteps.user_select_birthdate_as_day_month_and_year(java.lang.String,int,java.lang.String)&amp#27;[0m
  &amp#27;[31mAnd &amp#27;[0m&amp#27;[31muser click on confirm&amp#27;[0m                                       &amp#27;[90m# parallel.NewPatientRegisterSteps.user_click_on_confirm()&amp#27;[0m
      &amp#27;[31morg.openqa.selenium.ElementNotInteractableException: element not interactable
  (Session info: chrome=112.0.5615.122)
Build info: version: '4.8.3', revision: 'e5e76298c3'
System info: os.name: 'Windows 10', os.arch: 'amd64', os.version: '10.0', java.version: '17.0.6'
Driver info: org.openqa.selenium.chrome.ChromeDriver
Command: [4146812162657c3e753a9edaecefb587, clickElement {id=187da4d5-8e84-4296-991b-d0b9966c7fbc}]
Capabilities {acceptInsecureCerts: false, browserName: chrome, browserVersion: 112.0.5615.122, chrome: {chromedriverVersion: 112.0.5615.49 (bd2a7bcb881c..., userDataDir: C:\Users\ADMIN\AppData\Loca...}, goog:chromeOptions: {debuggerAddress: localhost:56558}, networkConnectionEnabled: false, pageLoadStrategy: normal, platformName: WINDOWS, proxy: Proxy(), se:cdp: ws://localhost:56558/devtoo..., se:cdpVersion: 112.0.5615.122, setWindowRect: true, strictFileInteractability: false, timeouts: {implicit: 0, pageLoad: 300000, script: 30000}, unhandledPromptBehavior: dismiss and notify, webauthn:extension:credBlob: true, webauthn:extension:largeBlob: true, webauthn:extension:minPinLength: true, webauthn:extension:prf: true, webauthn:virtualAuthenticators: true}
Element: [[ChromeDriver: chrome on WINDOWS (4146812162657c3e753a9edaecefb587)] -> xpath: //*[@id='submit']]
Session ID: 4146812162657c3e753a9edaecefb587
	at java.base/jdk.internal.reflect.NativeConstructorAccessorImpl.newInstance0(Native Method)
	at java.base/jdk.internal.reflect.NativeConstructorAccessorImpl.newInstance(NativeConstructorAccessorImpl.java:77)
	at java.base/jdk.internal.reflect.DelegatingConstructorAccessorImpl.newInstance(DelegatingConstructorAccessorImpl.java:45)
	at java.base/java.lang.reflect.Constructor.newInstanceWithCaller(Constructor.java:499)
	at java.base/java.lang.reflect.Constructor.newInstance(Constructor.java:480)
	at org.openqa.selenium.remote.codec.w3c.W3CHttpResponseCodec.createException(W3CHttpResponseCodec.java:200)
	at org.openqa.selenium.remote.codec.w3c.W3CHttpResponseCodec.decode(W3CHttpResponseCodec.java:133)
	at org.openqa.selenium.remote.codec.w3c.W3CHttpResponseCodec.decode(W3CHttpResponseCodec.java:53)
	at org.openqa.selenium.remote.HttpCommandExecutor.execute(HttpCommandExecutor.java:193)
	at org.openqa.selenium.remote.service.DriverCommandExecutor.invokeExecute(DriverCommandExecutor.java:183)
	at org.openqa.selenium.remote.service.DriverCommandExecutor.execute(DriverCommandExecutor.java:158)
	at org.openqa.selenium.remote.RemoteWebDriver.execute(RemoteWebDriver.java:543)
	at org.openqa.selenium.remote.RemoteWebElement.execute(RemoteWebElement.java:257)
	at org.openqa.selenium.remote.RemoteWebElement.click(RemoteWebElement.java:78)
	at java.base/jdk.internal.reflect.NativeMethodAccessorImpl.invoke0(Native Method)
	at java.base/jdk.internal.reflect.NativeMethodAccessorImpl.invoke(NativeMethodAccessorImpl.java:77)
	at java.base/jdk.internal.reflect.DelegatingMethodAccessorImpl.invoke(DelegatingMethodAccessorImpl.java:43)
	at java.base/java.lang.reflect.Method.invoke(Method.java:568)
	at org.openqa.selenium.support.pagefactory.internal.LocatingElementHandler.invoke(LocatingElementHandler.java:52)
	at jdk.proxy2/jdk.proxy2.$Proxy26.click(Unknown Source)
	at pages.NewPatientRegisterPage.confirmregister(NewPatientRegisterPage.java:106)
	at parallel.NewPatientRegisterSteps.user_click_on_confirm(NewPatientRegisterSteps.java:71)
	at âœ½.user click on confirm(file:///C:/Users/ADMIN/eclipse-workspace/OpenEMR-BDD/src/test/resources/parallel/NewPatientRegistration.feature:11)
&amp#27;[0m

    Embedding new_register_patient [image/png 59459 bytes]

]]></system-out>
    <system-err><![CDATA[Starting ChromeDriver 112.0.5615.49 (bd2a7bcb881c11e8cfe3078709382934e3916914-refs/branch-heads/5615@{#936}) on port 48218
Only local connections are allowed.
Please see https://chromedriver.chromium.org/security-considerations for suggestions on keeping ChromeDriver safe.
ChromeDriver was started successfully.
Apr 20, 2023 1:30:37 PM org.openqa.selenium.devtools.CdpVersionFinder findNearestMatch
WARNING: Unable to find an exact match for CDP version 112, so returning the closest version found: 111
]]></system-err>
  </testcase>
</testsuite>